{
  "RSpec": {
    "coverage": {
      "/Users/kynasaur/Desktop/my_projects/project-forks/C3Projects--MediaRanker/spec/controllers/albums_controller_spec.rb": [
        1,
        null,
        0,
        null,
        null,
        0,
        0,
        0,
        0,
        0,
        null,
        null,
        null,
        0,
        0,
        0,
        null,
        null,
        null,
        null,
        0,
        null,
        null,
        0,
        0,
        0,
        null,
        null,
        0,
        0,
        0,
        null,
        null,
        null,
        0,
        0,
        null,
        null,
        null,
        null,
        null,
        null,
        0,
        null,
        null,
        0,
        0,
        null,
        0,
        null,
        null,
        0,
        0,
        0,
        null,
        null,
        null,
        0,
        0,
        0,
        null,
        null,
        0,
        0,
        null,
        null,
        0,
        0,
        0,
        0,
        null,
        null,
        null,
        0,
        0,
        0,
        0,
        0,
        0,
        null,
        null,
        null,
        null,
        null
      ],
      "/Users/kynasaur/Desktop/my_projects/project-forks/C3Projects--MediaRanker/spec/rails_helper.rb": [
        null,
        1,
        1,
        null,
        1,
        1,
        1,
        null,
        null,
        null,
        null,
        null,
        null,
        null,
        null,
        null,
        null,
        null,
        null,
        null,
        null,
        null,
        null,
        null,
        null,
        null,
        0,
        null,
        0,
        null,
        0,
        null,
        null,
        null,
        null,
        0,
        null,
        null,
        null,
        null,
        null,
        null,
        null,
        null,
        null,
        null,
        null,
        null,
        null,
        null,
        0,
        null
      ],
      "/Users/kynasaur/Desktop/my_projects/project-forks/C3Projects--MediaRanker/config/environment.rb": [
        null,
        1,
        null,
        null,
        1
      ],
      "/Users/kynasaur/Desktop/my_projects/project-forks/C3Projects--MediaRanker/config/application.rb": [
        1,
        null,
        1,
        null,
        1,
        1,
        1,
        1,
        1,
        1,
        1,
        null,
        null,
        null,
        null,
        1,
        null,
        1,
        1,
        null,
        null,
        null,
        null,
        null,
        null,
        null,
        null,
        null,
        null,
        null,
        null,
        null,
        1,
        null,
        null
      ],
      "/Users/kynasaur/Desktop/my_projects/project-forks/C3Projects--MediaRanker/config/boot.rb": [
        1,
        null,
        1
      ],
      "/Users/kynasaur/Desktop/my_projects/project-forks/C3Projects--MediaRanker/config/environments/test.rb": [
        1,
        null,
        null,
        null,
        null,
        null,
        null,
        1,
        null,
        null,
        null,
        null,
        1,
        null,
        null,
        1,
        1,
        null,
        null,
        1,
        1,
        null,
        null,
        1,
        null,
        null,
        1,
        null,
        null,
        null,
        null,
        1,
        null,
        null,
        1,
        null,
        null,
        1,
        null,
        null,
        null,
        null
      ],
      "/Users/kynasaur/Desktop/my_projects/project-forks/C3Projects--MediaRanker/config/initializers/assets.rb": [
        null,
        null,
        null,
        1,
        null,
        null,
        null,
        null,
        null,
        null,
        null
      ],
      "/Users/kynasaur/Desktop/my_projects/project-forks/C3Projects--MediaRanker/config/initializers/backtrace_silencers.rb": [
        null,
        null,
        null,
        null,
        null,
        null,
        null
      ],
      "/Users/kynasaur/Desktop/my_projects/project-forks/C3Projects--MediaRanker/config/initializers/cookies_serializer.rb": [
        null,
        null,
        1
      ],
      "/Users/kynasaur/Desktop/my_projects/project-forks/C3Projects--MediaRanker/config/initializers/filter_parameter_logging.rb": [
        null,
        null,
        null,
        1
      ],
      "/Users/kynasaur/Desktop/my_projects/project-forks/C3Projects--MediaRanker/config/initializers/inflections.rb": [
        null,
        null,
        null,
        null,
        null,
        null,
        null,
        null,
        null,
        null,
        null,
        null,
        null,
        null,
        null,
        null
      ],
      "/Users/kynasaur/Desktop/my_projects/project-forks/C3Projects--MediaRanker/config/initializers/mime_types.rb": [
        null,
        null,
        null,
        null
      ],
      "/Users/kynasaur/Desktop/my_projects/project-forks/C3Projects--MediaRanker/config/initializers/session_store.rb": [
        null,
        null,
        1
      ],
      "/Users/kynasaur/Desktop/my_projects/project-forks/C3Projects--MediaRanker/config/initializers/wrap_parameters.rb": [
        null,
        null,
        null,
        null,
        null,
        null,
        1,
        0,
        null,
        null,
        null,
        null,
        null,
        null
      ],
      "/Users/kynasaur/Desktop/my_projects/project-forks/C3Projects--MediaRanker/config/routes.rb": [
        1,
        null,
        null,
        null,
        null,
        null,
        1,
        null,
        1,
        1,
        null,
        1,
        1,
        null,
        1,
        1,
        null,
        null,
        null,
        null,
        null,
        null,
        null,
        null,
        null,
        null,
        null,
        null,
        null,
        null,
        null,
        null,
        null,
        null,
        null,
        null,
        null,
        null,
        null,
        null,
        null,
        null,
        null,
        null,
        null,
        null,
        null,
        null,
        null,
        null,
        null,
        null,
        null,
        null,
        null,
        null,
        null,
        null,
        null,
        null,
        null,
        null,
        null,
        null,
        null,
        null,
        null
      ]
    },
    "timestamp": 1438662168
  }
}
