{
  "RSpec": {
    "coverage": {
      "/Users/sallymoore/samo-ada/project-forks/C3Projects--MediaRanker/spec/controllers/albums_controller_spec.rb": [
        1,
        null,
        1,
        null,
        null
      ],
      "/Users/sallymoore/samo-ada/project-forks/C3Projects--MediaRanker/spec/rails_helper.rb": [
        null,
        1,
        1,
        null,
        1,
        1,
        1,
        null,
        null,
        null,
        null,
        null,
        null,
        null,
        null,
        null,
        null,
        null,
        null,
        null,
        null,
        null,
        null,
        null,
        null,
        null,
        1,
        null,
        1,
        null,
        1,
        null,
        null,
        null,
        null,
        1,
        null,
        null,
        null,
        null,
        null,
        null,
        null,
        null,
        null,
        null,
        null,
        null,
        null,
        null,
        1,
        null
      ],
      "/Users/sallymoore/samo-ada/project-forks/C3Projects--MediaRanker/config/environment.rb": [
        null,
        1,
        null,
        null,
        1
      ],
      "/Users/sallymoore/samo-ada/project-forks/C3Projects--MediaRanker/config/application.rb": [
        1,
        null,
        1,
        null,
        1,
        1,
        1,
        1,
        1,
        1,
        1,
        null,
        null,
        null,
        null,
        1,
        null,
        1,
        1,
        null,
        null,
        null,
        null,
        null,
        null,
        null,
        null,
        null,
        null,
        null,
        null,
        null,
        1,
        null,
        null
      ],
      "/Users/sallymoore/samo-ada/project-forks/C3Projects--MediaRanker/config/boot.rb": [
        1,
        null,
        1
      ],
      "/Users/sallymoore/samo-ada/project-forks/C3Projects--MediaRanker/config/environments/test.rb": [
        1,
        null,
        null,
        null,
        null,
        null,
        null,
        1,
        null,
        null,
        null,
        null,
        1,
        null,
        null,
        1,
        1,
        null,
        null,
        1,
        1,
        null,
        null,
        1,
        null,
        null,
        1,
        null,
        null,
        null,
        null,
        1,
        null,
        null,
        1,
        null,
        null,
        1,
        null,
        null,
        null,
        null
      ],
      "/Users/sallymoore/samo-ada/project-forks/C3Projects--MediaRanker/config/initializers/assets.rb": [
        null,
        null,
        null,
        1,
        null,
        null,
        null,
        null,
        null,
        null,
        null
      ],
      "/Users/sallymoore/samo-ada/project-forks/C3Projects--MediaRanker/config/initializers/backtrace_silencers.rb": [
        null,
        null,
        null,
        null,
        null,
        null,
        null
      ],
      "/Users/sallymoore/samo-ada/project-forks/C3Projects--MediaRanker/config/initializers/cookies_serializer.rb": [
        null,
        null,
        1
      ],
      "/Users/sallymoore/samo-ada/project-forks/C3Projects--MediaRanker/config/initializers/filter_parameter_logging.rb": [
        null,
        null,
        null,
        1
      ],
      "/Users/sallymoore/samo-ada/project-forks/C3Projects--MediaRanker/config/initializers/inflections.rb": [
        null,
        null,
        null,
        null,
        null,
        null,
        null,
        null,
        null,
        null,
        null,
        null,
        null,
        null,
        null,
        null
      ],
      "/Users/sallymoore/samo-ada/project-forks/C3Projects--MediaRanker/config/initializers/mime_types.rb": [
        null,
        null,
        null,
        null
      ],
      "/Users/sallymoore/samo-ada/project-forks/C3Projects--MediaRanker/config/initializers/session_store.rb": [
        null,
        null,
        1
      ],
      "/Users/sallymoore/samo-ada/project-forks/C3Projects--MediaRanker/config/initializers/wrap_parameters.rb": [
        null,
        null,
        null,
        null,
        null,
        null,
        1,
        1,
        null,
        null,
        null,
        null,
        null,
        null
      ],
      "/Users/sallymoore/samo-ada/project-forks/C3Projects--MediaRanker/config/routes.rb": [
        1,
        null,
        null,
        1,
        null,
        1,
        null,
        1,
        1,
        1,
        null,
        null,
        null,
        null,
        null,
        null,
        null,
        null,
        null,
        null,
        null,
        null,
        null,
        null,
        null,
        null,
        null,
        null,
        null,
        null,
        null,
        null,
        null,
        null,
        null,
        null,
        null,
        null,
        null,
        null,
        null,
        null,
        null,
        null,
        null,
        null,
        null,
        null,
        null,
        null,
        null,
        null,
        null,
        null,
        null,
        null,
        null,
        null,
        null,
        null,
        null,
        null,
        null,
        null
      ],
      "/Users/sallymoore/samo-ada/project-forks/C3Projects--MediaRanker/app/helpers/albums_helper.rb": [
        1,
        null
      ],
      "/Users/sallymoore/samo-ada/project-forks/C3Projects--MediaRanker/app/helpers/application_helper.rb": [
        1,
        null
      ],
      "/Users/sallymoore/samo-ada/project-forks/C3Projects--MediaRanker/app/helpers/books_helper.rb": [
        1,
        null
      ],
      "/Users/sallymoore/samo-ada/project-forks/C3Projects--MediaRanker/app/helpers/movies_helper.rb": [
        1,
        null
      ],
      "/Users/sallymoore/samo-ada/project-forks/C3Projects--MediaRanker/app/helpers/welcome_helper.rb": [
        1,
        null
      ],
      "/Users/sallymoore/samo-ada/project-forks/C3Projects--MediaRanker/app/controllers/albums_controller.rb": [
        1,
        null,
        1,
        0,
        null,
        null,
        1,
        0,
        null,
        null,
        1,
        0,
        null,
        null,
        1,
        0,
        0,
        null,
        0,
        null,
        null,
        1,
        0,
        null,
        null,
        1,
        0,
        0,
        0,
        null,
        0,
        0,
        null,
        0,
        null,
        null,
        null,
        1,
        0,
        0,
        null,
        0,
        null,
        null,
        1,
        0,
        0,
        0,
        null,
        0,
        null,
        null,
        1,
        null,
        1,
        0,
        null,
        null,
        null
      ],
      "/Users/sallymoore/samo-ada/project-forks/C3Projects--MediaRanker/app/controllers/application_controller.rb": [
        1,
        null,
        null,
        1,
        null
      ],
      "/Users/sallymoore/samo-ada/project-forks/C3Projects--MediaRanker/spec/controllers/books_controller_spec.rb": [
        1,
        null,
        1,
        null,
        null
      ],
      "/Users/sallymoore/samo-ada/project-forks/C3Projects--MediaRanker/app/controllers/books_controller.rb": [
        1,
        1,
        0,
        null,
        null,
        1,
        0,
        null,
        null,
        1,
        0,
        null,
        null,
        1,
        0,
        0,
        null,
        0,
        null,
        null,
        1,
        0,
        null,
        null,
        1,
        0,
        0,
        0,
        null,
        0,
        0,
        null,
        0,
        null,
        null,
        null,
        1,
        0,
        0,
        null,
        0,
        null,
        null,
        1,
        0,
        0,
        0,
        null,
        0,
        null,
        null,
        1,
        null,
        1,
        0,
        null,
        null,
        null
      ],
      "/Users/sallymoore/samo-ada/project-forks/C3Projects--MediaRanker/spec/controllers/movies_controller_spec.rb": [
        1,
        null,
        1,
        null,
        null
      ],
      "/Users/sallymoore/samo-ada/project-forks/C3Projects--MediaRanker/app/controllers/movies_controller.rb": [
        1,
        null,
        1,
        0,
        null,
        null,
        1,
        0,
        null,
        null,
        1,
        0,
        null,
        null,
        1,
        0,
        0,
        null,
        0,
        null,
        null,
        1,
        0,
        null,
        null,
        1,
        0,
        0,
        0,
        null,
        0,
        0,
        null,
        0,
        null,
        null,
        null,
        1,
        0,
        0,
        null,
        0,
        null,
        null,
        1,
        0,
        0,
        0,
        null,
        0,
        null,
        null,
        1,
        null,
        1,
        0,
        null,
        null
      ],
      "/Users/sallymoore/samo-ada/project-forks/C3Projects--MediaRanker/spec/models/album_spec.rb": [
        1,
        null,
        1,
        null,
        null
      ],
      "/Users/sallymoore/samo-ada/project-forks/C3Projects--MediaRanker/app/models/album.rb": [
        1,
        null,
        1,
        null,
        1,
        null,
        null,
        null,
        1,
        null
      ],
      "/Users/sallymoore/samo-ada/project-forks/C3Projects--MediaRanker/spec/models/book_spec.rb": [
        1,
        null,
        1,
        null,
        null
      ],
      "/Users/sallymoore/samo-ada/project-forks/C3Projects--MediaRanker/app/models/book.rb": [
        1,
        null,
        1,
        null,
        1,
        null,
        null,
        null,
        1,
        null
      ],
      "/Users/sallymoore/samo-ada/project-forks/C3Projects--MediaRanker/spec/models/movie_spec.rb": [
        1,
        null,
        1,
        1,
        2,
        2,
        2,
        2,
        2,
        2,
        null,
        1,
        null,
        1,
        1,
        0,
        null,
        null,
        1,
        1,
        1,
        null,
        null,
        null,
        null,
        null,
        null,
        null,
        null,
        null,
        1,
        1,
        1,
        null,
        1,
        1,
        null,
        null,
        1,
        1,
        1,
        null,
        1,
        1,
        null,
        null,
        1,
        1,
        1,
        null,
        null,
        null,
        null
      ],
      "/Users/sallymoore/samo-ada/project-forks/C3Projects--MediaRanker/app/models/movie.rb": [
        1,
        null,
        1,
        null,
        1,
        null,
        null,
        null,
        3,
        null
      ]
    },
    "timestamp": 1436312647
  }
}
